TN:
SF:/Users/pghalliday/projects/github/pghalliday/crypto-watch/app/src/index.js
FN:20,(anonymous_0)
FNF:1
FNH:1
FNDA:1,(anonymous_0)
DA:14,1
DA:15,1
DA:19,1
DA:20,1
LF:4
LH:4
BRF:0
BRH:0
end_of_record
TN:
SF:/Users/pghalliday/projects/github/pghalliday/crypto-watch/app/src/services/storage.js
FN:7,(anonymous_0)
FN:12,(anonymous_1)
FN:18,(anonymous_2)
FN:24,(anonymous_3)
FN:31,(anonymous_4)
FN:37,(anonymous_5)
FN:44,(anonymous_6)
FNF:7
FNH:7
FNDA:10,(anonymous_0)
FNDA:1,(anonymous_1)
FNDA:2,(anonymous_2)
FNDA:3,(anonymous_3)
FNDA:1,(anonymous_4)
FNDA:1,(anonymous_5)
FNDA:5,(anonymous_6)
DA:8,10
DA:9,9
DA:13,1
DA:14,1
DA:15,1
DA:19,2
DA:20,2
DA:21,2
DA:25,3
DA:32,1
DA:33,1
DA:34,1
DA:38,1
DA:39,1
DA:40,1
DA:41,1
DA:45,5
DA:46,5
DA:47,5
DA:48,5
DA:49,1
DA:51,4
LF:22
LH:22
BRDA:48,0,0,1
BRDA:48,0,1,4
BRF:2
BRH:2
end_of_record
